<?xml version="1.0" encoding="UTF-8"?>
<testng-results ignored="0" total="4" passed="4" failed="0" skipped="0">
  <reporter-output>
  </reporter-output>
  <suite started-at="2024-09-04T16:34:09 IST" name="Master Suite" finished-at="2024-09-04T16:35:13 IST" duration-ms="64776">
    <groups>
      <group name="Master">
        <method signature="TC001_AccountRegistrationPage.verify_account_registration()[pri:0, instance:testCases.TC001_AccountRegistrationPage@6d763516]" name="verify_account_registration" class="testCases.TC001_AccountRegistrationPage"/>
        <method signature="TC002_LoginTest.verify_login()[pri:0, instance:testCases.TC002_LoginTest@5c5eefef]" name="verify_login" class="testCases.TC002_LoginTest"/>
        <method signature="TC001_AccountRegistrationPage.verify_account_registration()[pri:0, instance:testCases.TC001_AccountRegistrationPage@1283bb96]" name="verify_account_registration" class="testCases.TC001_AccountRegistrationPage"/>
        <method signature="TC002_LoginTest.verify_login()[pri:0, instance:testCases.TC002_LoginTest@74f0ea28]" name="verify_login" class="testCases.TC002_LoginTest"/>
      </group> <!-- Master -->
      <group name="Sanity">
        <method signature="TC002_LoginTest.verify_login()[pri:0, instance:testCases.TC002_LoginTest@5c5eefef]" name="verify_login" class="testCases.TC002_LoginTest"/>
        <method signature="TC002_LoginTest.verify_login()[pri:0, instance:testCases.TC002_LoginTest@74f0ea28]" name="verify_login" class="testCases.TC002_LoginTest"/>
      </group> <!-- Sanity -->
      <group name="Regression">
        <method signature="TC001_AccountRegistrationPage.verify_account_registration()[pri:0, instance:testCases.TC001_AccountRegistrationPage@6d763516]" name="verify_account_registration" class="testCases.TC001_AccountRegistrationPage"/>
        <method signature="TC001_AccountRegistrationPage.verify_account_registration()[pri:0, instance:testCases.TC001_AccountRegistrationPage@1283bb96]" name="verify_account_registration" class="testCases.TC001_AccountRegistrationPage"/>
      </group> <!-- Regression -->
    </groups>
    <test started-at="2024-09-04T16:34:09 IST" name="Linux-Chrome" finished-at="2024-09-04T16:34:38 IST" duration-ms="28865">
      <class name="testCases.TC002_LoginTest">
        <test-method is-config="true" signature="setup(java.lang.String,java.lang.String)[pri:0, instance:testCases.TC002_LoginTest@5c5eefef]" started-at="2024-09-04T16:34:29 IST" name="setup" finished-at="2024-09-04T16:34:35 IST" duration-ms="6573" status="PASS">
          <params>
            <param index="0">
              <value>
                <![CDATA[Linux]]>
              </value>
            </param>
            <param index="1">
              <value>
                <![CDATA[chrome]]>
              </value>
            </param>
          </params>
          <reporter-output>
          </reporter-output>
        </test-method> <!-- setup -->
        <test-method signature="verify_login()[pri:0, instance:testCases.TC002_LoginTest@5c5eefef]" started-at="2024-09-04T16:34:35 IST" name="verify_login" finished-at="2024-09-04T16:34:37 IST" duration-ms="1655" status="PASS">
          <reporter-output>
          </reporter-output>
        </test-method> <!-- verify_login -->
        <test-method is-config="true" signature="teardown()[pri:0, instance:testCases.TC002_LoginTest@5c5eefef]" started-at="2024-09-04T16:34:37 IST" name="teardown" finished-at="2024-09-04T16:34:38 IST" duration-ms="484" status="PASS">
          <reporter-output>
          </reporter-output>
        </test-method> <!-- teardown -->
      </class> <!-- testCases.TC002_LoginTest -->
      <class name="testCases.TC001_AccountRegistrationPage">
        <test-method is-config="true" signature="setup(java.lang.String,java.lang.String)[pri:0, instance:testCases.TC001_AccountRegistrationPage@6d763516]" started-at="2024-09-04T16:34:09 IST" name="setup" finished-at="2024-09-04T16:34:25 IST" duration-ms="15264" status="PASS">
          <params>
            <param index="0">
              <value>
                <![CDATA[Linux]]>
              </value>
            </param>
            <param index="1">
              <value>
                <![CDATA[chrome]]>
              </value>
            </param>
          </params>
          <reporter-output>
          </reporter-output>
        </test-method> <!-- setup -->
        <test-method signature="verify_account_registration()[pri:0, instance:testCases.TC001_AccountRegistrationPage@6d763516]" started-at="2024-09-04T16:34:25 IST" name="verify_account_registration" finished-at="2024-09-04T16:34:28 IST" duration-ms="3522" status="PASS">
          <reporter-output>
          </reporter-output>
        </test-method> <!-- verify_account_registration -->
        <test-method is-config="true" signature="teardown()[pri:0, instance:testCases.TC001_AccountRegistrationPage@6d763516]" started-at="2024-09-04T16:34:28 IST" name="teardown" finished-at="2024-09-04T16:34:29 IST" duration-ms="710" status="PASS">
          <reporter-output>
          </reporter-output>
        </test-method> <!-- teardown -->
      </class> <!-- testCases.TC001_AccountRegistrationPage -->
    </test> <!-- Linux-Chrome -->
    <test started-at="2024-09-04T16:34:41 IST" name="Linux-Firefox" finished-at="2024-09-04T16:35:13 IST" duration-ms="32798">
      <class name="testCases.TC002_LoginTest">
        <test-method is-config="true" signature="setup(java.lang.String,java.lang.String)[pri:0, instance:testCases.TC002_LoginTest@74f0ea28]" started-at="2024-09-04T16:35:02 IST" name="setup" finished-at="2024-09-04T16:35:10 IST" duration-ms="8065" status="PASS">
          <params>
            <param index="0">
              <value>
                <![CDATA[Linux]]>
              </value>
            </param>
            <param index="1">
              <value>
                <![CDATA[firefox]]>
              </value>
            </param>
          </params>
          <reporter-output>
          </reporter-output>
        </test-method> <!-- setup -->
        <test-method signature="verify_login()[pri:0, instance:testCases.TC002_LoginTest@74f0ea28]" started-at="2024-09-04T16:35:10 IST" name="verify_login" finished-at="2024-09-04T16:35:12 IST" duration-ms="1932" status="PASS">
          <reporter-output>
          </reporter-output>
        </test-method> <!-- verify_login -->
        <test-method is-config="true" signature="teardown()[pri:0, instance:testCases.TC002_LoginTest@74f0ea28]" started-at="2024-09-04T16:35:12 IST" name="teardown" finished-at="2024-09-04T16:35:13 IST" duration-ms="1842" status="PASS">
          <reporter-output>
          </reporter-output>
        </test-method> <!-- teardown -->
      </class> <!-- testCases.TC002_LoginTest -->
      <class name="testCases.TC001_AccountRegistrationPage">
        <test-method is-config="true" signature="setup(java.lang.String,java.lang.String)[pri:0, instance:testCases.TC001_AccountRegistrationPage@1283bb96]" started-at="2024-09-04T16:34:41 IST" name="setup" finished-at="2024-09-04T16:34:56 IST" duration-ms="15283" status="PASS">
          <params>
            <param index="0">
              <value>
                <![CDATA[Linux]]>
              </value>
            </param>
            <param index="1">
              <value>
                <![CDATA[firefox]]>
              </value>
            </param>
          </params>
          <reporter-output>
          </reporter-output>
        </test-method> <!-- setup -->
        <test-method signature="verify_account_registration()[pri:0, instance:testCases.TC001_AccountRegistrationPage@1283bb96]" started-at="2024-09-04T16:34:56 IST" name="verify_account_registration" finished-at="2024-09-04T16:34:59 IST" duration-ms="3492" status="PASS">
          <reporter-output>
          </reporter-output>
        </test-method> <!-- verify_account_registration -->
        <test-method is-config="true" signature="teardown()[pri:0, instance:testCases.TC001_AccountRegistrationPage@1283bb96]" started-at="2024-09-04T16:34:59 IST" name="teardown" finished-at="2024-09-04T16:35:02 IST" duration-ms="2162" status="PASS">
          <reporter-output>
          </reporter-output>
        </test-method> <!-- teardown -->
      </class> <!-- testCases.TC001_AccountRegistrationPage -->
    </test> <!-- Linux-Firefox -->
  </suite> <!-- Master Suite -->
</testng-results>
